============================= test session starts ==============================
platform darwin -- Python 3.13.0, pytest-9.0.3, pluggy-1.6.0
rootdir: /Users/frankiekerstetter/code/CodePath/AI110_FoundationsOfAIEngineering/Game_Glitch_Investigator
plugins: anyio-4.13.0
collected 58 items

tests/test_game_logic.py ..........................                      [ 44%]
tests/test_state_utils.py ................................               [100%]

============================== 58 passed in 0.07s ==============================
